
Started GET /posts for :: ::1 at Sun Jan 14 2024 19:04:27 GMT-0300 (hora de verano de Chile)
  Parameters in body: {}
Completed: 404 message:  Time response: 9 ms Request ID: [847f5e4f-f7db-46d8-b28f-24861608a04d]

Started GET /posts for :: ::1 at Sun Jan 14 2024 19:04:27 GMT-0300 (hora de verano de Chile)
  Parameters in body: {}
Completed: 404 message:  Time response: 2 ms Request ID: [f0b463f4-7d07-4c85-80cd-fbd6ddd90527]

Started GET /api/v1 for :: ::1 at Sun Jan 14 2024 19:09:03 GMT-0300 (hora de verano de Chile)
  Parameters in body: {}
Completed: 304 message:  Time response: 12 ms Request ID: [64a10639-b685-448d-b63c-7f2f9df98e73]

Started GET /favicon.ico for :: ::1 at Sun Jan 14 2024 19:09:04 GMT-0300 (hora de verano de Chile)
  Parameters in body: {}
Completed: 404 message:  Time response: 4 ms Request ID: [0e63d7b8-e8f9-47ba-903f-e07f5865c336]

Started GET //api/v1/posts for :: ::1 at Sun Jan 14 2024 19:09:23 GMT-0300 (hora de verano de Chile)
  Parameters in body: {}
Completed: 404 message:  Time response: 6 ms Request ID: [f0e3bb91-da42-49d7-8e6c-ab2ed419f9be]

Started GET /api/v1/posts for :: ::1 at Sun Jan 14 2024 19:09:37 GMT-0300 (hora de verano de Chile)
  Parameters in body: {}
Completed: 200 message:  Time response: 183 ms Request ID: [45e85aae-ccc0-4a4d-a988-35eb60a7c97c]

Started GET /api/v1/posts for :: ::1 at Sun Jan 14 2024 19:10:30 GMT-0300 (hora de verano de Chile)
  Parameters in body: {}
Completed: 304 message:  Time response: 66 ms Request ID: [35bbe3ae-b7da-4b12-8a89-1cde91ba09e9]

Started GET /api/v1/posts for :: ::1 at Sun Jan 14 2024 19:11:42 GMT-0300 (hora de verano de Chile)
  Parameters in body: {}
Completed: 304 message:  Time response: 87 ms Request ID: [46cf6ad3-1eb3-444d-9d71-29255346632e]

Started GET /api/v1/posts for :: ::1 at Sun Jan 14 2024 19:11:42 GMT-0300 (hora de verano de Chile)
  Parameters in body: {}
Completed: 304 message:  Time response: 8 ms Request ID: [d44e4df8-05b1-41bf-8486-1551377cea14]

Started GET /api/v1/posts for :: ::1 at Sun Jan 14 2024 19:12:52 GMT-0300 (hora de verano de Chile)
  Parameters in body: {}
Completed: 304 message:  Time response: 63 ms Request ID: [1cbeb517-dbe3-4b6f-9ff3-b4b4b2a9b498]

Started GET /api/v1/posts for :: ::1 at Sun Jan 14 2024 19:13:26 GMT-0300 (hora de verano de Chile)
  Parameters in body: {}
Completed: 304 message:  Time response: 52 ms Request ID: [14816ac9-ed08-46b0-91b6-e5b8c276f7ec]

Started GET /api/v1/posts for :: ::1 at Sun Jan 14 2024 19:13:26 GMT-0300 (hora de verano de Chile)
  Parameters in body: {}
Completed: 304 message:  Time response: 3 ms Request ID: [01f0bc64-1e6a-4e1e-90db-cfeb0ef9a5e9]

Started GET /api/v1/posts for :: ::1 at Sun Jan 14 2024 19:18:32 GMT-0300 (hora de verano de Chile)
  Parameters in body: {}
Completed: 304 message:  Time response: 71 ms Request ID: [aeda7a51-23b0-4aa5-895a-35c8a70691f2]

Started GET /api/v1/posts for :: ::1 at Sun Jan 14 2024 19:18:32 GMT-0300 (hora de verano de Chile)
  Parameters in body: {}
Completed: 304 message:  Time response: 5 ms Request ID: [04f4344c-b100-4dea-a4c0-55acf493bc2c]

Started GET /api/v1/posts for :: ::1 at Sun Jan 14 2024 19:19:02 GMT-0300 (hora de verano de Chile)
  Parameters in body: {}
Completed: 304 message:  Time response: 178 ms Request ID: [88d0e6d0-4d69-41ad-8a8f-d5b3aa5a22d1]

Started GET /api/v1/posts for :: ::1 at Sun Jan 14 2024 19:20:52 GMT-0300 (hora de verano de Chile)
  Parameters in body: {}
Started GET /api/v1/posts for :: ::1 at Sun Jan 14 2024 19:20:52 GMT-0300 (hora de verano de Chile)
  Parameters in body: {}
Completed: 200 message:  Time response: 58 ms Request ID: [fc6f587a-0027-4cbf-9a37-1cbd428bab96]

Completed: 200 message:  Time response: 58 ms Request ID: [aa831a24-b925-423f-9f70-f8480e44c3bf]

Started GET /api/v1/posts for :: ::1 at Sun Jan 14 2024 19:25:49 GMT-0300 (hora de verano de Chile)
  Parameters in body: {}
Completed: 304 message:  Time response: 92 ms Request ID: [172d1582-335c-4e3d-a764-a49318127fae]

Started GET /api/v1/posts for :: ::1 at Sun Jan 14 2024 19:25:49 GMT-0300 (hora de verano de Chile)
  Parameters in body: {}
Completed: 304 message:  Time response: 6 ms Request ID: [eec9ffb8-8778-49f9-8767-7e5ed00e738d]

Started GET /api/v1/posts for :: ::1 at Sun Jan 14 2024 19:28:00 GMT-0300 (hora de verano de Chile)
  Parameters in body: {}
Completed: 304 message:  Time response: 201 ms Request ID: [f98297c3-eab1-4195-9996-4008a78d8932]

Started GET /api/v1/posts for :: ::1 at Sun Jan 14 2024 19:28:00 GMT-0300 (hora de verano de Chile)
  Parameters in body: {}
Completed: 304 message:  Time response: 4 ms Request ID: [52ccebee-14fd-4840-a235-2924967b4d6a]

Started GET /api/v1/posts for :: ::1 at Sun Jan 14 2024 19:28:15 GMT-0300 (hora de verano de Chile)
  Parameters in body: {}
Completed: 304 message:  Time response: 190 ms Request ID: [567b8746-6b9d-4726-9159-82b1bc7aaba8]

Started GET /api/v1/posts for :: ::1 at Sun Jan 14 2024 19:28:15 GMT-0300 (hora de verano de Chile)
  Parameters in body: {}
Completed: 304 message:  Time response: 4 ms Request ID: [0e063871-66b9-47ef-812a-2f47882eeb7d]

Started GET /api/v1/posts for :: ::1 at Sun Jan 14 2024 19:28:38 GMT-0300 (hora de verano de Chile)
  Parameters in body: {}
Completed: 304 message:  Time response: 80 ms Request ID: [cddc358c-0ea1-4cd7-852b-c0181ecf7ac1]

Started GET /api/v1/posts for :: ::1 at Sun Jan 14 2024 19:28:38 GMT-0300 (hora de verano de Chile)
  Parameters in body: {}
Completed: 304 message:  Time response: 5 ms Request ID: [523db9cf-d2c0-4083-9da7-3551220460f8]

Started GET /api/v1/posts for :: ::1 at Sun Jan 14 2024 19:28:46 GMT-0300 (hora de verano de Chile)
  Parameters in body: {}
Completed: 304 message:  Time response: 4 ms Request ID: [a79bd5f4-202c-4d11-a33e-77c5f9ecb600]

Started GET /api/v1/posts for :: ::1 at Sun Jan 14 2024 19:28:46 GMT-0300 (hora de verano de Chile)
  Parameters in body: {}
Completed: 304 message:  Time response: 4 ms Request ID: [a3c89d64-3114-427b-a167-cc14260f1e02]

Started GET /api/v1/posts for :: ::1 at Sun Jan 14 2024 19:33:14 GMT-0300 (hora de verano de Chile)
  Parameters in body: {}
Started GET /api/v1/posts for :: ::1 at Sun Jan 14 2024 19:33:14 GMT-0300 (hora de verano de Chile)
  Parameters in body: {}
Completed: 304 message:  Time response: 63 ms Request ID: [1eec33d5-1c62-49a1-9fb6-68ee13095e23]

Completed: 304 message:  Time response: 5 ms Request ID: [32d9d572-0c06-4fcc-be8e-3db8a686625c]

Started GET /api/v1/posts for :: ::1 at Sun Jan 14 2024 19:33:48 GMT-0300 (hora de verano de Chile)
  Parameters in body: {}
Completed: 304 message:  Time response: 41 ms Request ID: [022a2197-8dd6-41ba-98a3-a122c9141cb8]

Started GET /api/v1/posts for :: ::1 at Sun Jan 14 2024 19:33:48 GMT-0300 (hora de verano de Chile)
  Parameters in body: {}
Completed: 304 message:  Time response: 3 ms Request ID: [2deb98bf-087e-4476-84ec-940566d4b70c]

Started GET /api/v1/posts for :: ::1 at Sun Jan 14 2024 19:34:49 GMT-0300 (hora de verano de Chile)
  Parameters in body: {}
Completed: 200 message:  Time response: 80 ms Request ID: [4bbc8f86-d1d1-4632-a413-a39ef61b69b6]

Started GET /api/v1/posts for :: ::1 at Sun Jan 14 2024 19:34:49 GMT-0300 (hora de verano de Chile)
  Parameters in body: {}
Completed: 304 message:  Time response: 3 ms Request ID: [6ad64851-f645-4c72-956f-256afd502309]
